# JRE version: Java(TM) SE Runtime Environment (8.0_91-b14) (build 1.8.0_91-b14)
# Java VM: Java HotSpot(TM) 64-Bit Server VM (25.91-b14 mixed mode linux-amd64 )
Heap:
 PSYoungGen      total 10930688K, used 0K [0x00007f336af00000, 0x00007f37a7480000, 0x00007f38c0400000)
  eden space 5657600K, 0% used [0x00007f336af00000,0x00007f336af00000,0x00007f34c4400000)
  from space 5273088K, 0% used [0x00007f34c4400000,0x00007f34c4400000,0x00007f3606180000)
  to   space 5623808K, 0% used [0x00007f3650080000,0x00007f3650080000,0x00007f37a7480000)
 ParOldGen       total 15510528K, used 15290088K [0x00007f28c0400000, 0x00007f2c72f00000, 0x00007f336af00000)
  object space 15510528K, 98% used [0x00007f28c0400000,0x00007f2c657ba328,0x00007f2c72f00000)
 Metaspace       used 18593K, capacity 18746K, committed 18944K, reserved 20480K
GC Heap History (10 events):
Event: 6565.963 GC heap after
Heap after GC invocations=60 (full 14):
 PSYoungGen      total 9729024K, used 3252892K [0x00007f336af00000, 0x00007f36e1a00000, 0x00007f38c0400000)
  eden space 5281280K, 0% used [0x00007f336af00000,0x00007f336af00000,0x00007f34ad480000)
  from space 4447744K, 73% used [0x00007f35c4000000,0x00007f368a8a7018,0x00007f36d3780000)
  to   space 4566528K, 0% used [0x00007f34ad480000,0x00007f34ad480000,0x00007f35c4000000)
 ParOldGen       total 7908864K, used 275963K [0x00007f28c0400000, 0x00007f2aa2f80000, 0x00007f336af00000)
  object space 7908864K, 3% used [0x00007f28c0400000,0x00007f28d117ef78,0x00007f2aa2f80000)
 Metaspace       used 18593K, capacity 18746K, committed 18944K, reserved 20480K
}
Event: 6577.185 GC heap before
{Heap before GC invocations=61 (full 14):
 PSYoungGen      total 9729024K, used 8534172K [0x00007f336af00000, 0x00007f36e1a00000, 0x00007f38c0400000)
  eden space 5281280K, 100% used [0x00007f336af00000,0x00007f34ad480000,0x00007f34ad480000)
  from space 4447744K, 73% used [0x00007f35c4000000,0x00007f368a8a7018,0x00007f36d3780000)
  to   space 4566528K, 0% used [0x00007f34ad480000,0x00007f34ad480000,0x00007f35c4000000)
 ParOldGen       total 7908864K, used 275963K [0x00007f28c0400000, 0x00007f2aa2f80000, 0x00007f336af00000)
  object space 7908864K, 3% used [0x00007f28c0400000,0x00007f28d117ef78,0x00007f2aa2f80000)
 Metaspace       used 18593K, capacity 18746K, committed 18944K, reserved 20480K
Event: 6578.592 GC heap after
Heap after GC invocations=61 (full 14):
 PSYoungGen      total 9847808K, used 4070057K [0x00007f336af00000, 0x00007f3734580000, 0x00007f38c0400000)
  eden space 5281280K, 0% used [0x00007f336af00000,0x00007f336af00000,0x00007f34ad480000)
  from space 4566528K, 89% used [0x00007f34ad480000,0x00007f35a5b2a5d8,0x00007f35c4000000)
  to   space 4952064K, 0% used [0x00007f3606180000,0x00007f3606180000,0x00007f3734580000)
 ParOldGen       total 7908864K, used 3757963K [0x00007f28c0400000, 0x00007f2aa2f80000, 0x00007f336af00000)
  object space 7908864K, 47% used [0x00007f28c0400000,0x00007f29a59e2f88,0x00007f2aa2f80000)
 Metaspace       used 18593K, capacity 18746K, committed 18944K, reserved 20480K
}
Event: 6578.592 GC heap before
{Heap before GC invocations=62 (full 15):
 PSYoungGen      total 9847808K, used 4070057K [0x00007f336af00000, 0x00007f3734580000, 0x00007f38c0400000)
  eden space 5281280K, 0% used [0x00007f336af00000,0x00007f336af00000,0x00007f34ad480000)
  from space 4566528K, 89% used [0x00007f34ad480000,0x00007f35a5b2a5d8,0x00007f35c4000000)
  to   space 4952064K, 0% used [0x00007f3606180000,0x00007f3606180000,0x00007f3734580000)
 ParOldGen       total 7908864K, used 3757963K [0x00007f28c0400000, 0x00007f2aa2f80000, 0x00007f336af00000)
  object space 7908864K, 47% used [0x00007f28c0400000,0x00007f29a59e2f88,0x00007f2aa2f80000)
 Metaspace       used 18593K, capacity 18746K, committed 18944K, reserved 20480K
Event: 6582.089 GC heap after
Heap after GC invocations=62 (full 15):
 PSYoungGen      total 9847808K, used 0K [0x00007f336af00000, 0x00007f3734580000, 0x00007f38c0400000)
  eden space 5281280K, 0% used [0x00007f336af00000,0x00007f336af00000,0x00007f34ad480000)
  from space 4566528K, 0% used [0x00007f34ad480000,0x00007f34ad480000,0x00007f35c4000000)
  to   space 4952064K, 0% used [0x00007f3606180000,0x00007f3606180000,0x00007f3734580000)
 ParOldGen       total 15510528K, used 7036045K [0x00007f28c0400000, 0x00007f2c72f00000, 0x00007f336af00000)
  object space 15510528K, 45% used [0x00007f28c0400000,0x00007f2a6db235d0,0x00007f2c72f00000)
 Metaspace       used 18593K, capacity 18746K, committed 18944K, reserved 20480K
}
Event: 6589.530 GC heap before
{Heap before GC invocations=63 (full 15):
 PSYoungGen      total 9847808K, used 5281280K [0x00007f336af00000, 0x00007f3734580000, 0x00007f38c0400000)
  eden space 5281280K, 100% used [0x00007f336af00000,0x00007f34ad480000,0x00007f34ad480000)
  from space 4566528K, 0% used [0x00007f34ad480000,0x00007f34ad480000,0x00007f35c4000000)
  to   space 4952064K, 0% used [0x00007f3606180000,0x00007f3606180000,0x00007f3734580000)
 ParOldGen       total 15510528K, used 7036045K [0x00007f28c0400000, 0x00007f2c72f00000, 0x00007f336af00000)
  object space 15510528K, 45% used [0x00007f28c0400000,0x00007f2a6db235d0,0x00007f2c72f00000)
 Metaspace       used 18593K, capacity 18746K, committed 18944K, reserved 20480K
Event: 6590.508 GC heap after
Heap after GC invocations=63 (full 15):
 PSYoungGen      total 10609664K, used 4116622K [0x00007f336af00000, 0x00007f375f100000, 0x00007f38c0400000)
  eden space 5657600K, 0% used [0x00007f336af00000,0x00007f336af00000,0x00007f34c4400000)
  from space 4952064K, 83% used [0x00007f3606180000,0x00007f37015a38b8,0x00007f3734580000)
  to   space 5273088K, 0% used [0x00007f34c4400000,0x00007f34c4400000,0x00007f3606180000)
 ParOldGen       total 15510528K, used 7036045K [0x00007f28c0400000, 0x00007f2c72f00000, 0x00007f336af00000)
  object space 15510528K, 45% used [0x00007f28c0400000,0x00007f2a6db235d0,0x00007f2c72f00000)
 Metaspace       used 18593K, capacity 18746K, committed 18944K, reserved 20480K
}
Event: 6596.801 GC heap before
{Heap before GC invocations=64 (full 15):
 PSYoungGen      total 10609664K, used 9774222K [0x00007f336af00000, 0x00007f375f100000, 0x00007f38c0400000)
  eden space 5657600K, 100% used [0x00007f336af00000,0x00007f34c4400000,0x00007f34c4400000)
  from space 4952064K, 83% used [0x00007f3606180000,0x00007f37015a38b8,0x00007f3734580000)
  to   space 5273088K, 0% used [0x00007f34c4400000,0x00007f34c4400000,0x00007f3606180000)
 ParOldGen       total 15510528K, used 7036045K [0x00007f28c0400000, 0x00007f2c72f00000, 0x00007f336af00000)
  object space 15510528K, 45% used [0x00007f28c0400000,0x00007f2a6db235d0,0x00007f2c72f00000)
 Metaspace       used 18593K, capacity 18746K, committed 18944K, reserved 20480K
Event: 6598.802 GC heap after
Heap after GC invocations=64 (full 15):
 PSYoungGen      total 10930688K, used 4392992K [0x00007f336af00000, 0x00007f37a7480000, 0x00007f38c0400000)
  eden space 5657600K, 0% used [0x00007f336af00000,0x00007f336af00000,0x00007f34c4400000)
  from space 5273088K, 83% used [0x00007f34c4400000,0x00007f35d0608000,0x00007f3606180000)
  to   space 5623808K, 0% used [0x00007f3650080000,0x00007f3650080000,0x00007f37a7480000)
 ParOldGen       total 15510528K, used 11468571K [0x00007f28c0400000, 0x00007f2c72f00000, 0x00007f336af00000)
  object space 15510528K, 73% used [0x00007f28c0400000,0x00007f2b7c3c6e88,0x00007f2c72f00000)
 Metaspace       used 18593K, capacity 18746K, committed 18944K, reserved 20480K
}
Event: 6598.807 GC heap before
{Heap before GC invocations=65 (full 16):
 PSYoungGen      total 10930688K, used 4392992K [0x00007f336af00000, 0x00007f37a7480000, 0x00007f38c0400000)
  eden space 5657600K, 0% used [0x00007f336af00000,0x00007f336af00000,0x00007f34c4400000)
  from space 5273088K, 83% used [0x00007f34c4400000,0x00007f35d0608000,0x00007f3606180000)
  to   space 5623808K, 0% used [0x00007f3650080000,0x00007f3650080000,0x00007f37a7480000)
 ParOldGen       total 15510528K, used 11468571K [0x00007f28c0400000, 0x00007f2c72f00000, 0x00007f336af00000)
  object space 15510528K, 73% used [0x00007f28c0400000,0x00007f2b7c3c6e88,0x00007f2c72f00000)
 Metaspace       used 18593K, capacity 18746K, committed 18944K, reserved 20480K

