# JRE version: Java(TM) SE Runtime Environment (8.0_91-b14) (build 1.8.0_91-b14)
# Java VM: Java HotSpot(TM) 64-Bit Server VM (25.91-b14 mixed mode linux-amd64 compressed oops)
Heap:
 PSYoungGen      total 4920320K, used 2747796K [0x0000000589780000, 0x0000000783600000, 0x00000007c0000000)
  eden space 1826304K, 0% used [0x0000000589780000,0x0000000589780000,0x00000005f8f00000)
  from space 3094016K, 88% used [0x00000005f8f00000,0x00000006a0a65030,0x00000006b5c80000)
  to   space 3094016K, 0% used [0x00000006c6880000,0x00000006c6880000,0x0000000783600000)
 ParOldGen       total 2500096K, used 2499712K [0x000000011c600000, 0x00000001b4f80000, 0x0000000589780000)
  object space 2500096K, 99% used [0x000000011c600000,0x00000001b4f20070,0x00000001b4f80000)
 Metaspace       used 18487K, capacity 18608K, committed 18944K, reserved 1067008K
  class space    used 2188K, capacity 2230K, committed 2304K, reserved 1048576K
GC Heap History (10 events):
Event: 3471.539 GC heap after
Heap after GC invocations=23 (full 4):
 PSYoungGen      total 4597760K, used 947576K [0x0000000589780000, 0x000000074f300000, 0x00000007c0000000)
  eden space 1595904K, 0% used [0x0000000589780000,0x0000000589780000,0x00000005eae00000)
  from space 3001856K, 31% used [0x00000005eae00000,0x0000000624b5e200,0x00000006a2180000)
  to   space 2818560K, 0% used [0x00000006a3280000,0x00000006a3280000,0x000000074f300000)
 ParOldGen       total 2209792K, used 252426K [0x000000011c600000, 0x00000001a3400000, 0x0000000589780000)
  object space 2209792K, 11% used [0x000000011c600000,0x000000012bc82808,0x00000001a3400000)
 Metaspace       used 18487K, capacity 18608K, committed 18944K, reserved 1067008K
  class space    used 2188K, capacity 2230K, committed 2304K, reserved 1048576K
}
Event: 3476.560 GC heap before
{Heap before GC invocations=24 (full 4):
 PSYoungGen      total 4597760K, used 2543480K [0x0000000589780000, 0x000000074f300000, 0x00000007c0000000)
  eden space 1595904K, 100% used [0x0000000589780000,0x00000005eae00000,0x00000005eae00000)
  from space 3001856K, 31% used [0x00000005eae00000,0x0000000624b5e200,0x00000006a2180000)
  to   space 2818560K, 0% used [0x00000006a3280000,0x00000006a3280000,0x000000074f300000)
 ParOldGen       total 2209792K, used 252426K [0x000000011c600000, 0x00000001a3400000, 0x0000000589780000)
  object space 2209792K, 11% used [0x000000011c600000,0x000000012bc82808,0x00000001a3400000)
 Metaspace       used 18487K, capacity 18608K, committed 18944K, reserved 1067008K
  class space    used 2188K, capacity 2230K, committed 2304K, reserved 1048576K
Event: 3477.196 GC heap after
Heap after GC invocations=24 (full 4):
 PSYoungGen      total 4438016K, used 1986391K [0x0000000589780000, 0x0000000764680000, 0x00000007c0000000)
  eden space 1619456K, 0% used [0x0000000589780000,0x0000000589780000,0x00000005ec500000)
  from space 2818560K, 70% used [0x00000006a3280000,0x000000071c655c60,0x000000074f300000)
  to   space 2995712K, 0% used [0x00000005ec500000,0x00000005ec500000,0x00000006a3280000)
 ParOldGen       total 2209792K, used 252426K [0x000000011c600000, 0x00000001a3400000, 0x0000000589780000)
  object space 2209792K, 11% used [0x000000011c600000,0x000000012bc82808,0x00000001a3400000)
 Metaspace       used 18487K, capacity 18608K, committed 18944K, reserved 1067008K
  class space    used 2188K, capacity 2230K, committed 2304K, reserved 1048576K
}
Event: 3481.655 GC heap before
{Heap before GC invocations=25 (full 4):
 PSYoungGen      total 4438016K, used 3605847K [0x0000000589780000, 0x0000000764680000, 0x00000007c0000000)
  eden space 1619456K, 100% used [0x0000000589780000,0x00000005ec500000,0x00000005ec500000)
  from space 2818560K, 70% used [0x00000006a3280000,0x000000071c655c60,0x000000074f300000)
  to   space 2995712K, 0% used [0x00000005ec500000,0x00000005ec500000,0x00000006a3280000)
 ParOldGen       total 2209792K, used 252426K [0x000000011c600000, 0x00000001a3400000, 0x0000000589780000)
  object space 2209792K, 11% used [0x000000011c600000,0x000000012bc82808,0x00000001a3400000)
 Metaspace       used 18487K, capacity 18608K, committed 18944K, reserved 1067008K
  class space    used 2188K, capacity 2230K, committed 2304K, reserved 1048576K
Event: 3482.594 GC heap after
Heap after GC invocations=25 (full 4):
 PSYoungGen      total 4615168K, used 2995682K [0x0000000589780000, 0x0000000772a00000, 0x00000007c0000000)
  eden space 1619456K, 0% used [0x0000000589780000,0x0000000589780000,0x00000005ec500000)
  from space 2995712K, 99% used [0x00000005ec500000,0x00000006a3278a88,0x00000006a3280000)
  to   space 3094016K, 0% used [0x00000006b5c80000,0x00000006b5c80000,0x0000000772a00000)
 ParOldGen       total 2209792K, used 298834K [0x000000011c600000, 0x00000001a3400000, 0x0000000589780000)
  object space 2209792K, 13% used [0x000000011c600000,0x000000012e9d4808,0x00000001a3400000)
 Metaspace       used 18487K, capacity 18608K, committed 18944K, reserved 1067008K
  class space    used 2188K, capacity 2230K, committed 2304K, reserved 1048576K
}
Event: 3487.229 GC heap before
{Heap before GC invocations=26 (full 4):
 PSYoungGen      total 4615168K, used 4615138K [0x0000000589780000, 0x0000000772a00000, 0x00000007c0000000)
  eden space 1619456K, 100% used [0x0000000589780000,0x00000005ec500000,0x00000005ec500000)
  from space 2995712K, 99% used [0x00000005ec500000,0x00000006a3278a88,0x00000006a3280000)
  to   space 3094016K, 0% used [0x00000006b5c80000,0x00000006b5c80000,0x0000000772a00000)
 ParOldGen       total 2209792K, used 298834K [0x000000011c600000, 0x00000001a3400000, 0x0000000589780000)
  object space 2209792K, 13% used [0x000000011c600000,0x000000012e9d4808,0x00000001a3400000)
 Metaspace       used 18487K, capacity 18608K, committed 18944K, reserved 1067008K
  class space    used 2188K, capacity 2230K, committed 2304K, reserved 1048576K
Event: 3488.430 GC heap after
Heap after GC invocations=26 (full 4):
 PSYoungGen      total 4920320K, used 3093986K [0x0000000589780000, 0x0000000773880000, 0x00000007c0000000)
  eden space 1826304K, 0% used [0x0000000589780000,0x0000000589780000,0x00000005f8f00000)
  from space 3094016K, 99% used [0x00000006b5c80000,0x00000007729f8a88,0x0000000772a00000)
  to   space 3094016K, 0% used [0x00000005f8f00000,0x00000005f8f00000,0x00000006b5c80000)
 ParOldGen       total 2209792K, used 1291182K [0x000000011c600000, 0x00000001a3400000, 0x0000000589780000)
  object space 2209792K, 58% used [0x000000011c600000,0x000000016b2eb970,0x00000001a3400000)
 Metaspace       used 18487K, capacity 18608K, committed 18944K, reserved 1067008K
  class space    used 2188K, capacity 2230K, committed 2304K, reserved 1048576K
}
Event: 3492.708 GC heap before
{Heap before GC invocations=27 (full 4):
 PSYoungGen      total 4920320K, used 4920290K [0x0000000589780000, 0x0000000773880000, 0x00000007c0000000)
  eden space 1826304K, 100% used [0x0000000589780000,0x00000005f8f00000,0x00000005f8f00000)
  from space 3094016K, 99% used [0x00000006b5c80000,0x00000007729f8a88,0x0000000772a00000)
  to   space 3094016K, 0% used [0x00000005f8f00000,0x00000005f8f00000,0x00000006b5c80000)
 ParOldGen       total 2209792K, used 1291182K [0x000000011c600000, 0x00000001a3400000, 0x0000000589780000)
  object space 2209792K, 58% used [0x000000011c600000,0x000000016b2eb970,0x00000001a3400000)
 Metaspace       used 18487K, capacity 18608K, committed 18944K, reserved 1067008K
  class space    used 2188K, capacity 2230K, committed 2304K, reserved 1048576K
Event: 3494.209 GC heap after
Heap after GC invocations=27 (full 4):
 PSYoungGen      total 4920320K, used 3093987K [0x0000000589780000, 0x0000000783600000, 0x00000007c0000000)
  eden space 1826304K, 0% used [0x0000000589780000,0x0000000589780000,0x00000005f8f00000)
  from space 3094016K, 99% used [0x00000005f8f00000,0x00000006b5c78fc8,0x00000006b5c80000)
  to   space 3094016K, 0% used [0x00000006c6880000,0x00000006c6880000,0x0000000783600000)
 ParOldGen       total 2500096K, used 2497134K [0x000000011c600000, 0x00000001b4f80000, 0x0000000589780000)
  object space 2500096K, 99% used [0x000000011c600000,0x00000001b4c9b970,0x00000001b4f80000)
 Metaspace       used 18487K, capacity 18608K, committed 18944K, reserved 1067008K
  class space    used 2188K, capacity 2230K, committed 2304K, reserved 1048576K
}
Event: 3494.216 GC heap before
{Heap before GC invocations=28 (full 5):
 PSYoungGen      total 4920320K, used 3093987K [0x0000000589780000, 0x0000000783600000, 0x00000007c0000000)
  eden space 1826304K, 0% used [0x0000000589780000,0x0000000589780000,0x00000005f8f00000)
  from space 3094016K, 99% used [0x00000005f8f00000,0x00000006b5c78fc8,0x00000006b5c80000)
  to   space 3094016K, 0% used [0x00000006c6880000,0x00000006c6880000,0x0000000783600000)
 ParOldGen       total 2500096K, used 2497134K [0x000000011c600000, 0x00000001b4f80000, 0x0000000589780000)
  object space 2500096K, 99% used [0x000000011c600000,0x00000001b4c9b970,0x00000001b4f80000)
 Metaspace       used 18487K, capacity 18608K, committed 18944K, reserved 1067008K
  class space    used 2188K, capacity 2230K, committed 2304K, reserved 1048576K

