# JRE version: Java(TM) SE Runtime Environment (8.0_91-b14) (build 1.8.0_91-b14)
# Java VM: Java HotSpot(TM) 64-Bit Server VM (25.91-b14 mixed mode linux-amd64 compressed oops)
Heap:
 PSYoungGen      total 5230592K, used 259462K [0x0000000589780000, 0x0000000785a80000, 0x00000007c0000000)
  eden space 2136576K, 0% used [0x0000000589780000,0x0000000589780000,0x000000060be00000)
  from space 3094016K, 8% used [0x00000006c8b80000,0x00000006d88e1918,0x0000000785900000)
  to   space 3094016K, 0% used [0x000000060be00000,0x000000060be00000,0x00000006c8b80000)
 ParOldGen       total 5508608K, used 5508530K [0x000000011c600000, 0x000000026c980000, 0x0000000589780000)
  object space 5508608K, 99% used [0x000000011c600000,0x000000026c96cb88,0x000000026c980000)
 Metaspace       used 18547K, capacity 18678K, committed 18944K, reserved 1067008K
  class space    used 2187K, capacity 2231K, committed 2304K, reserved 1048576K
GC Heap History (10 events):
Event: 4885.678 GC heap after
Heap after GC invocations=25 (full 4):
 PSYoungGen      total 4421120K, used 2150242K [0x0000000589780000, 0x0000000768e80000, 0x00000007c0000000)
  eden space 1327104K, 0% used [0x0000000589780000,0x0000000589780000,0x00000005da780000)
  from space 3094016K, 69% used [0x00000005da780000,0x000000065db58a88,0x0000000697500000)
  to   space 3094016K, 0% used [0x00000006ac100000,0x00000006ac100000,0x0000000768e80000)
 ParOldGen       total 3045888K, used 3042048K [0x000000011c600000, 0x00000001d6480000, 0x0000000589780000)
  object space 3045888K, 99% used [0x000000011c600000,0x00000001d60c0240,0x00000001d6480000)
 Metaspace       used 18547K, capacity 18678K, committed 18944K, reserved 1067008K
  class space    used 2187K, capacity 2231K, committed 2304K, reserved 1048576K
}
Event: 4885.678 GC heap before
{Heap before GC invocations=26 (full 5):
 PSYoungGen      total 4421120K, used 2150242K [0x0000000589780000, 0x0000000768e80000, 0x00000007c0000000)
  eden space 1327104K, 0% used [0x0000000589780000,0x0000000589780000,0x00000005da780000)
  from space 3094016K, 69% used [0x00000005da780000,0x000000065db58a88,0x0000000697500000)
  to   space 3094016K, 0% used [0x00000006ac100000,0x00000006ac100000,0x0000000768e80000)
 ParOldGen       total 3045888K, used 3042048K [0x000000011c600000, 0x00000001d6480000, 0x0000000589780000)
  object space 3045888K, 99% used [0x000000011c600000,0x00000001d60c0240,0x00000001d6480000)
 Metaspace       used 18547K, capacity 18678K, committed 18944K, reserved 1067008K
  class space    used 2187K, capacity 2231K, committed 2304K, reserved 1048576K
Event: 4890.108 GC heap after
Heap after GC invocations=26 (full 5):
 PSYoungGen      total 4421120K, used 0K [0x0000000589780000, 0x0000000768e80000, 0x00000007c0000000)
  eden space 1327104K, 0% used [0x0000000589780000,0x0000000589780000,0x00000005da780000)
  from space 3094016K, 0% used [0x00000005da780000,0x00000005da780000,0x0000000697500000)
  to   space 3094016K, 0% used [0x00000006ac100000,0x00000006ac100000,0x0000000768e80000)
 ParOldGen       total 5508608K, used 2979941K [0x000000011c600000, 0x000000026c980000, 0x0000000589780000)
  object space 5508608K, 54% used [0x000000011c600000,0x00000001d2419608,0x000000026c980000)
 Metaspace       used 18547K, capacity 18678K, committed 18944K, reserved 1067008K
  class space    used 2187K, capacity 2231K, committed 2304K, reserved 1048576K
}
Event: 4892.292 GC heap before
{Heap before GC invocations=27 (full 5):
 PSYoungGen      total 4421120K, used 1327104K [0x0000000589780000, 0x0000000768e80000, 0x00000007c0000000)
  eden space 1327104K, 100% used [0x0000000589780000,0x00000005da780000,0x00000005da780000)
  from space 3094016K, 0% used [0x00000005da780000,0x00000005da780000,0x0000000697500000)
  to   space 3094016K, 0% used [0x00000006ac100000,0x00000006ac100000,0x0000000768e80000)
 ParOldGen       total 5508608K, used 2979941K [0x000000011c600000, 0x000000026c980000, 0x0000000589780000)
  object space 5508608K, 54% used [0x000000011c600000,0x00000001d2419608,0x000000026c980000)
 Metaspace       used 18547K, capacity 18678K, committed 18944K, reserved 1067008K
  class space    used 2187K, capacity 2231K, committed 2304K, reserved 1048576K
Event: 4894.657 GC heap after
Heap after GC invocations=27 (full 5):
 PSYoungGen      total 4761088K, used 802496K [0x0000000589780000, 0x000000076af80000, 0x00000007c0000000)
  eden space 1667072K, 0% used [0x0000000589780000,0x0000000589780000,0x00000005ef380000)
  from space 3094016K, 25% used [0x00000006ac100000,0x00000006dd0b0000,0x0000000768e80000)
  to   space 3094016K, 0% used [0x00000005ef380000,0x00000005ef380000,0x00000006ac100000)
 ParOldGen       total 5508608K, used 2979941K [0x000000011c600000, 0x000000026c980000, 0x0000000589780000)
  object space 5508608K, 54% used [0x000000011c600000,0x00000001d2419608,0x000000026c980000)
 Metaspace       used 18547K, capacity 18678K, committed 18944K, reserved 1067008K
  class space    used 2187K, capacity 2231K, committed 2304K, reserved 1048576K
}
Event: 4897.397 GC heap before
{Heap before GC invocations=28 (full 5):
 PSYoungGen      total 4761088K, used 2469568K [0x0000000589780000, 0x000000076af80000, 0x00000007c0000000)
  eden space 1667072K, 100% used [0x0000000589780000,0x00000005ef380000,0x00000005ef380000)
  from space 3094016K, 25% used [0x00000006ac100000,0x00000006dd0b0000,0x0000000768e80000)
  to   space 3094016K, 0% used [0x00000005ef380000,0x00000005ef380000,0x00000006ac100000)
 ParOldGen       total 5508608K, used 2979941K [0x000000011c600000, 0x000000026c980000, 0x0000000589780000)
  object space 5508608K, 54% used [0x000000011c600000,0x00000001d2419608,0x000000026c980000)
 Metaspace       used 18547K, capacity 18678K, committed 18944K, reserved 1067008K
  class space    used 2187K, capacity 2231K, committed 2304K, reserved 1048576K
Event: 4898.324 GC heap after
Heap after GC invocations=28 (full 5):
 PSYoungGen      total 4761088K, used 1040067K [0x0000000589780000, 0x0000000785900000, 0x00000007c0000000)
  eden space 1667072K, 0% used [0x0000000589780000,0x0000000589780000,0x00000005ef380000)
  from space 3094016K, 33% used [0x00000005ef380000,0x000000062eb30fc8,0x00000006ac100000)
  to   space 3094016K, 0% used [0x00000006c8b80000,0x00000006c8b80000,0x0000000785900000)
 ParOldGen       total 5508608K, used 3792557K [0x000000011c600000, 0x000000026c980000, 0x0000000589780000)
  object space 5508608K, 68% used [0x000000011c600000,0x0000000203dab608,0x000000026c980000)
 Metaspace       used 18547K, capacity 18678K, committed 18944K, reserved 1067008K
  class space    used 2187K, capacity 2231K, committed 2304K, reserved 1048576K
}
Event: 4901.379 GC heap before
{Heap before GC invocations=29 (full 5):
 PSYoungGen      total 4761088K, used 2707139K [0x0000000589780000, 0x0000000785900000, 0x00000007c0000000)
  eden space 1667072K, 100% used [0x0000000589780000,0x00000005ef380000,0x00000005ef380000)
  from space 3094016K, 33% used [0x00000005ef380000,0x000000062eb30fc8,0x00000006ac100000)
  to   space 3094016K, 0% used [0x00000006c8b80000,0x00000006c8b80000,0x0000000785900000)
 ParOldGen       total 5508608K, used 3792557K [0x000000011c600000, 0x000000026c980000, 0x0000000589780000)
  object space 5508608K, 68% used [0x000000011c600000,0x0000000203dab608,0x000000026c980000)
 Metaspace       used 18547K, capacity 18678K, committed 18944K, reserved 1067008K
  class space    used 2187K, capacity 2231K, committed 2304K, reserved 1048576K
Event: 4902.465 GC heap after
Heap after GC invocations=29 (full 5):
 PSYoungGen      total 5230592K, used 1007968K [0x0000000589780000, 0x0000000785a80000, 0x00000007c0000000)
  eden space 2136576K, 0% used [0x0000000589780000,0x0000000589780000,0x000000060be00000)
  from space 3094016K, 32% used [0x00000006c8b80000,0x00000007063d8000,0x0000000785900000)
  to   space 3094016K, 0% used [0x000000060be00000,0x000000060be00000,0x00000006c8b80000)
 ParOldGen       total 5508608K, used 4844225K [0x000000011c600000, 0x000000026c980000, 0x0000000589780000)
  object space 5508608K, 87% used [0x000000011c600000,0x00000002440b05d0,0x000000026c980000)
 Metaspace       used 18547K, capacity 18678K, committed 18944K, reserved 1067008K
  class space    used 2187K, capacity 2231K, committed 2304K, reserved 1048576K
}
Event: 4902.465 GC heap before
{Heap before GC invocations=30 (full 6):
 PSYoungGen      total 5230592K, used 1007968K [0x0000000589780000, 0x0000000785a80000, 0x00000007c0000000)
  eden space 2136576K, 0% used [0x0000000589780000,0x0000000589780000,0x000000060be00000)
  from space 3094016K, 32% used [0x00000006c8b80000,0x00000007063d8000,0x0000000785900000)
  to   space 3094016K, 0% used [0x000000060be00000,0x000000060be00000,0x00000006c8b80000)
 ParOldGen       total 5508608K, used 4844225K [0x000000011c600000, 0x000000026c980000, 0x0000000589780000)
  object space 5508608K, 87% used [0x000000011c600000,0x00000002440b05d0,0x000000026c980000)
 Metaspace       used 18547K, capacity 18678K, committed 18944K, reserved 1067008K
  class space    used 2187K, capacity 2231K, committed 2304K, reserved 1048576K

