# JRE version: Java(TM) SE Runtime Environment (8.0_91-b14) (build 1.8.0_91-b14)
# Java VM: Java HotSpot(TM) 64-Bit Server VM (25.91-b14 mixed mode linux-amd64 )
Heap:
 PSYoungGen      total 13791744K, used 7431150K [0x00007f34b1000000, 0x00007f39e7e80000, 0x00007f3c31000000)
  eden space 6360576K, 0% used [0x00007f34b1000000,0x00007f34b1000000,0x00007f3635380000)
  from space 7431168K, 99% used [0x00007f3822580000,0x00007f39e7e7b8b8,0x00007f39e7e80000)
  to   space 6401024K, 0% used [0x00007f3635380000,0x00007f3635380000,0x00007f37bbe80000)
 ParOldGen       total 12023296K, used 11623616K [0x00007f25b1000000, 0x00007f288ed80000, 0x00007f34b1000000)
  object space 12023296K, 96% used [0x00007f25b1000000,0x00007f2876730260,0x00007f288ed80000)
 Metaspace       used 18588K, capacity 18746K, committed 18944K, reserved 20480K
GC Heap History (10 events):
Event: 5781.074 GC heap after
Heap after GC invocations=46 (full 11):
 PSYoungGen      total 10962944K, used 151962K [0x00007f34b1000000, 0x00007f38ce700000, 0x00007f3c31000000)
  eden space 5381632K, 0% used [0x00007f34b1000000,0x00007f34b1000000,0x00007f35f9780000)
  from space 5581312K, 2% used [0x00007f35f9780000,0x00007f3602be6ac0,0x00007f374e200000)
  to   space 5692928K, 0% used [0x00007f3772f80000,0x00007f3772f80000,0x00007f38ce700000)
 ParOldGen       total 12023296K, used 6755664K [0x00007f25b1000000, 0x00007f288ed80000, 0x00007f34b1000000)
  object space 12023296K, 56% used [0x00007f25b1000000,0x00007f274d554260,0x00007f288ed80000)
 Metaspace       used 18554K, capacity 18682K, committed 18944K, reserved 20480K
}
Event: 6148.700 GC heap before
{Heap before GC invocations=47 (full 11):
 PSYoungGen      total 10962944K, used 5533594K [0x00007f34b1000000, 0x00007f38ce700000, 0x00007f3c31000000)
  eden space 5381632K, 100% used [0x00007f34b1000000,0x00007f35f9780000,0x00007f35f9780000)
  from space 5581312K, 2% used [0x00007f35f9780000,0x00007f3602be6ac0,0x00007f374e200000)
  to   space 5692928K, 0% used [0x00007f3772f80000,0x00007f3772f80000,0x00007f38ce700000)
 ParOldGen       total 12023296K, used 6755664K [0x00007f25b1000000, 0x00007f288ed80000, 0x00007f34b1000000)
  object space 12023296K, 56% used [0x00007f25b1000000,0x00007f274d554260,0x00007f288ed80000)
 Metaspace       used 18567K, capacity 18682K, committed 18944K, reserved 20480K
Event: 6149.455 GC heap after
Heap after GC invocations=47 (full 11):
 PSYoungGen      total 10976768K, used 2667758K [0x00007f34b1000000, 0x00007f38af780000, 0x00007f3c31000000)
  eden space 5791232K, 0% used [0x00007f34b1000000,0x00007f34b1000000,0x00007f3612780000)
  from space 5185536K, 51% used [0x00007f3772f80000,0x00007f3815cbb8b8,0x00007f38af780000)
  to   space 5480448K, 0% used [0x00007f3612780000,0x00007f3612780000,0x00007f3760f80000)
 ParOldGen       total 12023296K, used 6755672K [0x00007f25b1000000, 0x00007f288ed80000, 0x00007f34b1000000)
  object space 12023296K, 56% used [0x00007f25b1000000,0x00007f274d556260,0x00007f288ed80000)
 Metaspace       used 18567K, capacity 18682K, committed 18944K, reserved 20480K
}
Event: 6155.757 GC heap before
{Heap before GC invocations=48 (full 11):
 PSYoungGen      total 10976768K, used 8458990K [0x00007f34b1000000, 0x00007f38af780000, 0x00007f3c31000000)
  eden space 5791232K, 100% used [0x00007f34b1000000,0x00007f3612780000,0x00007f3612780000)
  from space 5185536K, 51% used [0x00007f3772f80000,0x00007f3815cbb8b8,0x00007f38af780000)
  to   space 5480448K, 0% used [0x00007f3612780000,0x00007f3612780000,0x00007f3760f80000)
 ParOldGen       total 12023296K, used 6755672K [0x00007f25b1000000, 0x00007f288ed80000, 0x00007f34b1000000)
  object space 12023296K, 56% used [0x00007f25b1000000,0x00007f274d556260,0x00007f288ed80000)
 Metaspace       used 18567K, capacity 18682K, committed 18944K, reserved 20480K
Event: 6157.425 GC heap after
Heap after GC invocations=48 (full 11):
 PSYoungGen      total 11271680K, used 5480423K [0x00007f34b1000000, 0x00007f395e000000, 0x00007f3c31000000)
  eden space 5791232K, 0% used [0x00007f34b1000000,0x00007f34b1000000,0x00007f3612780000)
  from space 5480448K, 99% used [0x00007f3612780000,0x00007f3760f79f80,0x00007f3760f80000)
  to   space 6575104K, 0% used [0x00007f37ccb00000,0x00007f37ccb00000,0x00007f395e000000)
 ParOldGen       total 12023296K, used 7441768K [0x00007f25b1000000, 0x00007f288ed80000, 0x00007f34b1000000)
  object space 12023296K, 61% used [0x00007f25b1000000,0x00007f277735a260,0x00007f288ed80000)
 Metaspace       used 18567K, capacity 18682K, committed 18944K, reserved 20480K
}
Event: 6661.706 GC heap before
{Heap before GC invocations=49 (full 11):
 PSYoungGen      total 11271680K, used 11271655K [0x00007f34b1000000, 0x00007f395e000000, 0x00007f3c31000000)
  eden space 5791232K, 100% used [0x00007f34b1000000,0x00007f3612780000,0x00007f3612780000)
  from space 5480448K, 99% used [0x00007f3612780000,0x00007f3760f79f80,0x00007f3760f80000)
  to   space 6575104K, 0% used [0x00007f37ccb00000,0x00007f37ccb00000,0x00007f395e000000)
 ParOldGen       total 12023296K, used 7441768K [0x00007f25b1000000, 0x00007f288ed80000, 0x00007f34b1000000)
  object space 12023296K, 61% used [0x00007f25b1000000,0x00007f277735a260,0x00007f288ed80000)
 Metaspace       used 18588K, capacity 18746K, committed 18944K, reserved 20480K
Event: 6662.103 GC heap after
Heap after GC invocations=49 (full 11):
 PSYoungGen      total 12486656K, used 1519064K [0x00007f34b1000000, 0x00007f3942980000, 0x00007f3c31000000)
  eden space 6360576K, 0% used [0x00007f34b1000000,0x00007f34b1000000,0x00007f3635380000)
  from space 6126080K, 24% used [0x00007f37ccb00000,0x00007f3829676010,0x00007f3942980000)
  to   space 6401024K, 0% used [0x00007f3635380000,0x00007f3635380000,0x00007f37bbe80000)
 ParOldGen       total 12023296K, used 7441816K [0x00007f25b1000000, 0x00007f288ed80000, 0x00007f34b1000000)
  object space 12023296K, 61% used [0x00007f25b1000000,0x00007f2777366260,0x00007f288ed80000)
 Metaspace       used 18588K, capacity 18746K, committed 18944K, reserved 20480K
}
Event: 6675.924 GC heap before
{Heap before GC invocations=50 (full 11):
 PSYoungGen      total 12486656K, used 7879640K [0x00007f34b1000000, 0x00007f3942980000, 0x00007f3c31000000)
  eden space 6360576K, 100% used [0x00007f34b1000000,0x00007f3635380000,0x00007f3635380000)
  from space 6126080K, 24% used [0x00007f37ccb00000,0x00007f3829676010,0x00007f3942980000)
  to   space 6401024K, 0% used [0x00007f3635380000,0x00007f3635380000,0x00007f37bbe80000)
 ParOldGen       total 12023296K, used 7441816K [0x00007f25b1000000, 0x00007f288ed80000, 0x00007f34b1000000)
  object space 12023296K, 61% used [0x00007f25b1000000,0x00007f2777366260,0x00007f288ed80000)
 Metaspace       used 18588K, capacity 18746K, committed 18944K, reserved 20480K
Event: 6677.118 GC heap after
Heap after GC invocations=50 (full 11):
 PSYoungGen      total 12761600K, used 6401008K [0x00007f34b1000000, 0x00007f39e7e80000, 0x00007f3c31000000)
  eden space 6360576K, 0% used [0x00007f34b1000000,0x00007f34b1000000,0x00007f3635380000)
  from space 6401024K, 99% used [0x00007f3635380000,0x00007f37bbe7c3f0,0x00007f37bbe80000)
  to   space 7431168K, 0% used [0x00007f3822580000,0x00007f3822580000,0x00007f39e7e80000)
 ParOldGen       total 12023296K, used 7470264K [0x00007f25b1000000, 0x00007f288ed80000, 0x00007f34b1000000)
  object space 12023296K, 62% used [0x00007f25b1000000,0x00007f2778f2e260,0x00007f288ed80000)
 Metaspace       used 18588K, capacity 18746K, committed 18944K, reserved 20480K
}
Event: 6685.088 GC heap before
{Heap before GC invocations=51 (full 11):
 PSYoungGen      total 12761600K, used 12761584K [0x00007f34b1000000, 0x00007f39e7e80000, 0x00007f3c31000000)
  eden space 6360576K, 100% used [0x00007f34b1000000,0x00007f3635380000,0x00007f3635380000)
  from space 6401024K, 99% used [0x00007f3635380000,0x00007f37bbe7c3f0,0x00007f37bbe80000)
  to   space 7431168K, 0% used [0x00007f3822580000,0x00007f3822580000,0x00007f39e7e80000)
 ParOldGen       total 12023296K, used 7470264K [0x00007f25b1000000, 0x00007f288ed80000, 0x00007f34b1000000)
  object space 12023296K, 62% used [0x00007f25b1000000,0x00007f2778f2e260,0x00007f288ed80000)
 Metaspace       used 18588K, capacity 18746K, committed 18944K, reserved 20480K

